Arguments: 
  D:\Download_Chrome\Nodejs\node.exe C:\Users\Admin\AppData\Roaming\npm\node_modules\yarn\bin\yarn.js install

PATH: 
  C:\Program Files\Microsoft\jdk-11.0.20.8-hotspot\bin;C:\Program Files\Common Files\Oracle\Java\javapath;C:\Windows\system32;C:\Windows;C:\Windows\System32\Wbem;C:\Windows\System32\WindowsPowerShell\v1.0\;C:\Windows\System32\OpenSSH\;C:\Program Files\dotnet\;C:\Program Files\Git\cmd;D:\Download_Chrome\Nodejs\;C:\ProgramData\chocolatey\bin;C:\Program Files\Cloudflare\Cloudflare WARP\;C:\Users\Admin\AppData\Local\Microsoft\WindowsApps;D:\Install_Apps\Microsoft VS Code\bin;D:\Install_Apps\IntelliJ IDEA 2023.2.3\bin;;C:\Users\Admin\AppData\Local\GitHubDesktop\bin;C:\Users\Admin\AppData\Roaming\npm;C:\Users\Admin\AppData\Local\Android\Sdk\platform-tools;D:\Download_Chrome\ffmpeg\ffmpeg-2023-11-13-git-67a2571a55-essentials_build\bin;

Yarn version: 
  1.22.19

Node version: 
  18.18.2

Platform: 
  win32 x64

Trace: 
  Error: connect ECONNABORTED 2606:4700::6810:323:443
      at TCPConnectWrap.afterConnect [as oncomplete] (node:net:1555:16)

npm manifest: 
  {
    "name": "test",
    "version": "0.0.0",
    "private": true,
    "scripts": {
      "start": "node ./bin/www"
    },
    "dependencies": {
      "cookie-parser": "~1.4.4",
      "debug": "~2.6.9",
      "ejs": "~2.6.1",
      "express": "~4.16.1",
      "http-errors": "~1.6.3",
      "morgan": "~1.9.1"
    }
  }

yarn manifest: 
  No manifest

Lockfile: 
  No lockfile
